2018-07-02 09:49:00.979  INFO [main] com.test.demo.service.impl.DbToExcelImplTest - Starting DbToExcelImplTest on zj-PC with PID 7024 (started by zj in F:\IDEA\ZJTest1) 
2018-07-02 09:49:01.025 DEBUG [main] com.test.demo.service.impl.DbToExcelImplTest - Running with Spring Boot v2.0.3.RELEASE, Spring v5.0.7.RELEASE 
2018-07-02 09:49:01.031  INFO [main] com.test.demo.service.impl.DbToExcelImplTest - The following profiles are active: dev 
2018-07-02 09:49:01.129  INFO [main] org.springframework.web.context.support.GenericWebApplicationContext - Refreshing org.springframework.web.context.support.GenericWebApplicationContext@48ed58: startup date [Mon Jul 02 09:49:01 CST 2018]; root of context hierarchy 
2018-07-02 09:49:02.182  INFO [main] org.springframework.data.repository.config.RepositoryConfigurationDelegate - Multiple Spring Data modules found, entering strict repository configuration mode! 
2018-07-02 09:49:03.112  INFO [main] org.springframework.context.support.PostProcessorRegistrationDelegate$BeanPostProcessorChecker - Bean 'org.springframework.ws.config.annotation.DelegatingWsConfiguration' of type [org.springframework.ws.config.annotation.DelegatingWsConfiguration$$EnhancerBySpringCGLIB$$2ae2e41d] is not eligible for getting processed by all BeanPostProcessors (for example: not eligible for auto-proxying) 
2018-07-02 09:49:03.168  INFO [main] org.springframework.ws.soap.addressing.server.AnnotationActionEndpointMapping - Supporting [WS-Addressing August 2004, WS-Addressing 1.0] 
2018-07-02 09:49:03.232  INFO [main] org.springframework.context.support.PostProcessorRegistrationDelegate$BeanPostProcessorChecker - Bean 'org.springframework.transaction.annotation.ProxyTransactionManagementConfiguration' of type [org.springframework.transaction.annotation.ProxyTransactionManagementConfiguration$$EnhancerBySpringCGLIB$$864b1f1e] is not eligible for getting processed by all BeanPostProcessors (for example: not eligible for auto-proxying) 
2018-07-02 09:49:03.690  INFO [main] com.zaxxer.hikari.HikariDataSource - test1-table - Starting... 
2018-07-02 09:49:04.268  INFO [main] com.zaxxer.hikari.HikariDataSource - test1-table - Start completed. 
2018-07-02 09:49:05.276  INFO [main] org.springframework.web.servlet.handler.SimpleUrlHandlerMapping - Mapped URL path [/**/favicon.ico] onto handler of type [class org.springframework.web.servlet.resource.ResourceHttpRequestHandler] 
2018-07-02 09:49:06.210  INFO [main] org.springframework.web.servlet.mvc.method.annotation.RequestMappingHandlerAdapter - Looking for @ControllerAdvice: org.springframework.web.context.support.GenericWebApplicationContext@48ed58: startup date [Mon Jul 02 09:49:01 CST 2018]; root of context hierarchy 
2018-07-02 09:49:06.329  INFO [main] org.springframework.web.servlet.mvc.method.annotation.RequestMappingHandlerMapping - Mapped "{[/],methods=[GET]}" onto public java.lang.String com.test.demo.DemoApplication.say() 
2018-07-02 09:49:06.335  INFO [main] org.springframework.web.servlet.mvc.method.annotation.RequestMappingHandlerMapping - Mapped "{[/zj/updateByPara],methods=[POST]}" onto public com.test.demo.model.ZJModels com.test.demo.controller.ZJController.updateZJUserByPara(java.lang.String,int,java.lang.String,int) 
2018-07-02 09:49:06.336  INFO [main] org.springframework.web.servlet.mvc.method.annotation.RequestMappingHandlerMapping - Mapped "{[/zj/update/{id}],methods=[POST]}" onto public java.util.Map<java.lang.String, java.lang.Object> com.test.demo.controller.ZJController.updateZJUserByMap(int,java.util.Map<java.lang.String, java.lang.Object>) 
2018-07-02 09:49:06.336  INFO [main] org.springframework.web.servlet.mvc.method.annotation.RequestMappingHandlerMapping - Mapped "{[/zj/id/{id}],methods=[GET]}" onto public com.test.demo.model.ZJModels com.test.demo.controller.ZJController.getZJUserById(int) 
2018-07-02 09:49:06.336  INFO [main] org.springframework.web.servlet.mvc.method.annotation.RequestMappingHandlerMapping - Mapped "{[/zj/createUser],methods=[POST]}" onto public com.test.demo.model.ZJModels com.test.demo.controller.ZJController.createUser(java.lang.String,int,java.lang.String) 
2018-07-02 09:49:06.337  INFO [main] org.springframework.web.servlet.mvc.method.annotation.RequestMappingHandlerMapping - Mapped "{[/zj/name/{name}],methods=[GET]}" onto public org.springframework.http.ResponseEntity<?> com.test.demo.controller.ZJController.getZJUserByName(java.lang.String) 
2018-07-02 09:49:06.337  INFO [main] org.springframework.web.servlet.mvc.method.annotation.RequestMappingHandlerMapping - Mapped "{[/zj/age/{age}],methods=[GET]}" onto public java.util.List<com.test.demo.model.ZJModels> com.test.demo.controller.ZJController.getZJUserByAge(int) 
2018-07-02 09:49:06.338  INFO [main] org.springframework.web.servlet.mvc.method.annotation.RequestMappingHandlerMapping - Mapped "{[/zj/updateById1/{id}],methods=[POST]}" onto public com.test.demo.model.ZJModels com.test.demo.controller.ZJController.updateZJUserById(java.lang.String,int,java.lang.String,int) 
2018-07-02 09:49:06.340  INFO [main] org.springframework.web.servlet.mvc.method.annotation.RequestMappingHandlerMapping - Mapped "{[/error]}" onto public org.springframework.http.ResponseEntity<java.util.Map<java.lang.String, java.lang.Object>> org.springframework.boot.autoconfigure.web.servlet.error.BasicErrorController.error(javax.servlet.http.HttpServletRequest) 
2018-07-02 09:49:06.341  INFO [main] org.springframework.web.servlet.mvc.method.annotation.RequestMappingHandlerMapping - Mapped "{[/error],produces=[text/html]}" onto public org.springframework.web.servlet.ModelAndView org.springframework.boot.autoconfigure.web.servlet.error.BasicErrorController.errorHtml(javax.servlet.http.HttpServletRequest,javax.servlet.http.HttpServletResponse) 
2018-07-02 09:49:06.409  INFO [main] org.springframework.web.servlet.handler.SimpleUrlHandlerMapping - Mapped URL path [/webjars/**] onto handler of type [class org.springframework.web.servlet.resource.ResourceHttpRequestHandler] 
2018-07-02 09:49:06.410  INFO [main] org.springframework.web.servlet.handler.SimpleUrlHandlerMapping - Mapped URL path [/**] onto handler of type [class org.springframework.web.servlet.resource.ResourceHttpRequestHandler] 
2018-07-02 09:49:06.528  WARN [main] org.springframework.boot.autoconfigure.thymeleaf.ThymeleafAutoConfiguration$DefaultTemplateResolverConfiguration - Cannot find template location: classpath:/templates/ (please add some templates or check your Thymeleaf configuration) 
2018-07-02 09:49:08.381  INFO [main] org.springframework.scheduling.annotation.ScheduledAnnotationBeanPostProcessor - No TaskScheduler/ScheduledExecutorService bean found for scheduled processing 
2018-07-02 09:49:08.395  INFO [main] com.test.demo.service.impl.DbToExcelImplTest - Started DbToExcelImplTest in 8.219 seconds (JVM running for 10.708) 
2018-07-02 09:49:09.616 DEBUG [main] com.test.demo.dao.impl.JDBC.ZJDaoMapper.selectAll - ==>  Preparing: select * from sqltest.zjtest  
2018-07-02 09:49:09.647 DEBUG [main] com.test.demo.dao.impl.JDBC.ZJDaoMapper.selectAll - ==> Parameters:  
2018-07-02 09:49:10.172 DEBUG [main] com.test.demo.dao.impl.JDBC.ZJDaoMapper.selectAll - <==      Total: 11 
2018-07-02 09:49:11.022  INFO [Thread-2] org.springframework.web.context.support.GenericWebApplicationContext - Closing org.springframework.web.context.support.GenericWebApplicationContext@48ed58: startup date [Mon Jul 02 09:49:01 CST 2018]; root of context hierarchy 
2018-07-02 09:49:11.170  INFO [Thread-2] com.zaxxer.hikari.HikariDataSource - test1-table - Shutdown initiated... 
2018-07-02 09:49:11.183  INFO [Thread-2] com.zaxxer.hikari.HikariDataSource - test1-table - Shutdown completed. 
2018-07-02 09:50:12.184  INFO [main] com.test.demo.service.impl.DbToExcelImplTest - Starting DbToExcelImplTest on zj-PC with PID 7660 (started by zj in F:\IDEA\ZJTest1) 
2018-07-02 09:50:12.185 DEBUG [main] com.test.demo.service.impl.DbToExcelImplTest - Running with Spring Boot v2.0.3.RELEASE, Spring v5.0.7.RELEASE 
2018-07-02 09:50:12.187  INFO [main] com.test.demo.service.impl.DbToExcelImplTest - The following profiles are active: dev 
2018-07-02 09:50:12.253  INFO [main] org.springframework.web.context.support.GenericWebApplicationContext - Refreshing org.springframework.web.context.support.GenericWebApplicationContext@ee7fa0: startup date [Mon Jul 02 09:50:12 CST 2018]; root of context hierarchy 
2018-07-02 09:50:13.193  INFO [main] org.springframework.data.repository.config.RepositoryConfigurationDelegate - Multiple Spring Data modules found, entering strict repository configuration mode! 
2018-07-02 09:50:13.977  INFO [main] org.springframework.context.support.PostProcessorRegistrationDelegate$BeanPostProcessorChecker - Bean 'org.springframework.ws.config.annotation.DelegatingWsConfiguration' of type [org.springframework.ws.config.annotation.DelegatingWsConfiguration$$EnhancerBySpringCGLIB$$5ececb1a] is not eligible for getting processed by all BeanPostProcessors (for example: not eligible for auto-proxying) 
2018-07-02 09:50:14.025  INFO [main] org.springframework.ws.soap.addressing.server.AnnotationActionEndpointMapping - Supporting [WS-Addressing August 2004, WS-Addressing 1.0] 
2018-07-02 09:50:14.088  INFO [main] org.springframework.context.support.PostProcessorRegistrationDelegate$BeanPostProcessorChecker - Bean 'org.springframework.transaction.annotation.ProxyTransactionManagementConfiguration' of type [org.springframework.transaction.annotation.ProxyTransactionManagementConfiguration$$EnhancerBySpringCGLIB$$ba37061b] is not eligible for getting processed by all BeanPostProcessors (for example: not eligible for auto-proxying) 
2018-07-02 09:50:14.436  INFO [main] com.zaxxer.hikari.HikariDataSource - test1-table - Starting... 
2018-07-02 09:50:14.733  INFO [main] com.zaxxer.hikari.HikariDataSource - test1-table - Start completed. 
2018-07-02 09:50:15.654  INFO [main] org.springframework.web.servlet.handler.SimpleUrlHandlerMapping - Mapped URL path [/**/favicon.ico] onto handler of type [class org.springframework.web.servlet.resource.ResourceHttpRequestHandler] 
2018-07-02 09:50:16.250  INFO [main] org.springframework.web.servlet.mvc.method.annotation.RequestMappingHandlerAdapter - Looking for @ControllerAdvice: org.springframework.web.context.support.GenericWebApplicationContext@ee7fa0: startup date [Mon Jul 02 09:50:12 CST 2018]; root of context hierarchy 
2018-07-02 09:50:16.371  INFO [main] org.springframework.web.servlet.mvc.method.annotation.RequestMappingHandlerMapping - Mapped "{[/],methods=[GET]}" onto public java.lang.String com.test.demo.DemoApplication.say() 
2018-07-02 09:50:16.378  INFO [main] org.springframework.web.servlet.mvc.method.annotation.RequestMappingHandlerMapping - Mapped "{[/zj/updateByPara],methods=[POST]}" onto public com.test.demo.model.ZJModels com.test.demo.controller.ZJController.updateZJUserByPara(java.lang.String,int,java.lang.String,int) 
2018-07-02 09:50:16.379  INFO [main] org.springframework.web.servlet.mvc.method.annotation.RequestMappingHandlerMapping - Mapped "{[/zj/update/{id}],methods=[POST]}" onto public java.util.Map<java.lang.String, java.lang.Object> com.test.demo.controller.ZJController.updateZJUserByMap(int,java.util.Map<java.lang.String, java.lang.Object>) 
2018-07-02 09:50:16.379  INFO [main] org.springframework.web.servlet.mvc.method.annotation.RequestMappingHandlerMapping - Mapped "{[/zj/id/{id}],methods=[GET]}" onto public com.test.demo.model.ZJModels com.test.demo.controller.ZJController.getZJUserById(int) 
2018-07-02 09:50:16.380  INFO [main] org.springframework.web.servlet.mvc.method.annotation.RequestMappingHandlerMapping - Mapped "{[/zj/createUser],methods=[POST]}" onto public com.test.demo.model.ZJModels com.test.demo.controller.ZJController.createUser(java.lang.String,int,java.lang.String) 
2018-07-02 09:50:16.380  INFO [main] org.springframework.web.servlet.mvc.method.annotation.RequestMappingHandlerMapping - Mapped "{[/zj/name/{name}],methods=[GET]}" onto public org.springframework.http.ResponseEntity<?> com.test.demo.controller.ZJController.getZJUserByName(java.lang.String) 
2018-07-02 09:50:16.380  INFO [main] org.springframework.web.servlet.mvc.method.annotation.RequestMappingHandlerMapping - Mapped "{[/zj/age/{age}],methods=[GET]}" onto public java.util.List<com.test.demo.model.ZJModels> com.test.demo.controller.ZJController.getZJUserByAge(int) 
2018-07-02 09:50:16.381  INFO [main] org.springframework.web.servlet.mvc.method.annotation.RequestMappingHandlerMapping - Mapped "{[/zj/updateById1/{id}],methods=[POST]}" onto public com.test.demo.model.ZJModels com.test.demo.controller.ZJController.updateZJUserById(java.lang.String,int,java.lang.String,int) 
2018-07-02 09:50:16.384  INFO [main] org.springframework.web.servlet.mvc.method.annotation.RequestMappingHandlerMapping - Mapped "{[/error]}" onto public org.springframework.http.ResponseEntity<java.util.Map<java.lang.String, java.lang.Object>> org.springframework.boot.autoconfigure.web.servlet.error.BasicErrorController.error(javax.servlet.http.HttpServletRequest) 
2018-07-02 09:50:16.385  INFO [main] org.springframework.web.servlet.mvc.method.annotation.RequestMappingHandlerMapping - Mapped "{[/error],produces=[text/html]}" onto public org.springframework.web.servlet.ModelAndView org.springframework.boot.autoconfigure.web.servlet.error.BasicErrorController.errorHtml(javax.servlet.http.HttpServletRequest,javax.servlet.http.HttpServletResponse) 
2018-07-02 09:50:16.462  INFO [main] org.springframework.web.servlet.handler.SimpleUrlHandlerMapping - Mapped URL path [/webjars/**] onto handler of type [class org.springframework.web.servlet.resource.ResourceHttpRequestHandler] 
2018-07-02 09:50:16.463  INFO [main] org.springframework.web.servlet.handler.SimpleUrlHandlerMapping - Mapped URL path [/**] onto handler of type [class org.springframework.web.servlet.resource.ResourceHttpRequestHandler] 
2018-07-02 09:50:16.579  WARN [main] org.springframework.boot.autoconfigure.thymeleaf.ThymeleafAutoConfiguration$DefaultTemplateResolverConfiguration - Cannot find template location: classpath:/templates/ (please add some templates or check your Thymeleaf configuration) 
2018-07-02 09:50:17.996  INFO [main] org.springframework.scheduling.annotation.ScheduledAnnotationBeanPostProcessor - No TaskScheduler/ScheduledExecutorService bean found for scheduled processing 
2018-07-02 09:50:18.025  INFO [main] com.test.demo.service.impl.DbToExcelImplTest - Started DbToExcelImplTest in 6.536 seconds (JVM running for 8.459) 
2018-07-02 09:50:18.226 DEBUG [main] com.test.demo.dao.impl.JDBC.ZJDaoMapper.selectAll - ==>  Preparing: select * from sqltest.zjtest  
2018-07-02 09:50:18.258 DEBUG [main] com.test.demo.dao.impl.JDBC.ZJDaoMapper.selectAll - ==> Parameters:  
2018-07-02 09:50:18.296 DEBUG [main] com.test.demo.dao.impl.JDBC.ZJDaoMapper.selectAll - <==      Total: 11 
2018-07-02 09:50:18.513  INFO [Thread-2] org.springframework.web.context.support.GenericWebApplicationContext - Closing org.springframework.web.context.support.GenericWebApplicationContext@ee7fa0: startup date [Mon Jul 02 09:50:12 CST 2018]; root of context hierarchy 
2018-07-02 09:50:18.536  INFO [Thread-2] com.zaxxer.hikari.HikariDataSource - test1-table - Shutdown initiated... 
2018-07-02 09:50:18.541  INFO [Thread-2] com.zaxxer.hikari.HikariDataSource - test1-table - Shutdown completed. 
2018-07-02 09:50:36.376  INFO [main] com.test.demo.service.impl.DbToExcelImplTest - Starting DbToExcelImplTest on zj-PC with PID 8068 (started by zj in F:\IDEA\ZJTest1) 
2018-07-02 09:50:36.377 DEBUG [main] com.test.demo.service.impl.DbToExcelImplTest - Running with Spring Boot v2.0.3.RELEASE, Spring v5.0.7.RELEASE 
2018-07-02 09:50:36.379  INFO [main] com.test.demo.service.impl.DbToExcelImplTest - The following profiles are active: dev 
2018-07-02 09:50:36.429  INFO [main] org.springframework.web.context.support.GenericWebApplicationContext - Refreshing org.springframework.web.context.support.GenericWebApplicationContext@17c4869: startup date [Mon Jul 02 09:50:36 CST 2018]; root of context hierarchy 
2018-07-02 09:50:37.162  INFO [main] org.springframework.data.repository.config.RepositoryConfigurationDelegate - Multiple Spring Data modules found, entering strict repository configuration mode! 
2018-07-02 09:50:37.756  INFO [main] org.springframework.context.support.PostProcessorRegistrationDelegate$BeanPostProcessorChecker - Bean 'org.springframework.ws.config.annotation.DelegatingWsConfiguration' of type [org.springframework.ws.config.annotation.DelegatingWsConfiguration$$EnhancerBySpringCGLIB$$8813b33a] is not eligible for getting processed by all BeanPostProcessors (for example: not eligible for auto-proxying) 
2018-07-02 09:50:37.799  INFO [main] org.springframework.ws.soap.addressing.server.AnnotationActionEndpointMapping - Supporting [WS-Addressing August 2004, WS-Addressing 1.0] 
2018-07-02 09:50:37.846  INFO [main] org.springframework.context.support.PostProcessorRegistrationDelegate$BeanPostProcessorChecker - Bean 'org.springframework.transaction.annotation.ProxyTransactionManagementConfiguration' of type [org.springframework.transaction.annotation.ProxyTransactionManagementConfiguration$$EnhancerBySpringCGLIB$$e37bee3b] is not eligible for getting processed by all BeanPostProcessors (for example: not eligible for auto-proxying) 
2018-07-02 09:50:38.106  INFO [main] com.zaxxer.hikari.HikariDataSource - test1-table - Starting... 
2018-07-02 09:50:38.359  INFO [main] com.zaxxer.hikari.HikariDataSource - test1-table - Start completed. 
2018-07-02 09:50:39.050  INFO [main] org.springframework.web.servlet.handler.SimpleUrlHandlerMapping - Mapped URL path [/**/favicon.ico] onto handler of type [class org.springframework.web.servlet.resource.ResourceHttpRequestHandler] 
2018-07-02 09:50:39.497  INFO [main] org.springframework.web.servlet.mvc.method.annotation.RequestMappingHandlerAdapter - Looking for @ControllerAdvice: org.springframework.web.context.support.GenericWebApplicationContext@17c4869: startup date [Mon Jul 02 09:50:36 CST 2018]; root of context hierarchy 
2018-07-02 09:50:39.593  INFO [main] org.springframework.web.servlet.mvc.method.annotation.RequestMappingHandlerMapping - Mapped "{[/],methods=[GET]}" onto public java.lang.String com.test.demo.DemoApplication.say() 
2018-07-02 09:50:39.600  INFO [main] org.springframework.web.servlet.mvc.method.annotation.RequestMappingHandlerMapping - Mapped "{[/zj/updateByPara],methods=[POST]}" onto public com.test.demo.model.ZJModels com.test.demo.controller.ZJController.updateZJUserByPara(java.lang.String,int,java.lang.String,int) 
2018-07-02 09:50:39.600  INFO [main] org.springframework.web.servlet.mvc.method.annotation.RequestMappingHandlerMapping - Mapped "{[/zj/update/{id}],methods=[POST]}" onto public java.util.Map<java.lang.String, java.lang.Object> com.test.demo.controller.ZJController.updateZJUserByMap(int,java.util.Map<java.lang.String, java.lang.Object>) 
2018-07-02 09:50:39.600  INFO [main] org.springframework.web.servlet.mvc.method.annotation.RequestMappingHandlerMapping - Mapped "{[/zj/id/{id}],methods=[GET]}" onto public com.test.demo.model.ZJModels com.test.demo.controller.ZJController.getZJUserById(int) 
2018-07-02 09:50:39.601  INFO [main] org.springframework.web.servlet.mvc.method.annotation.RequestMappingHandlerMapping - Mapped "{[/zj/createUser],methods=[POST]}" onto public com.test.demo.model.ZJModels com.test.demo.controller.ZJController.createUser(java.lang.String,int,java.lang.String) 
2018-07-02 09:50:39.601  INFO [main] org.springframework.web.servlet.mvc.method.annotation.RequestMappingHandlerMapping - Mapped "{[/zj/name/{name}],methods=[GET]}" onto public org.springframework.http.ResponseEntity<?> com.test.demo.controller.ZJController.getZJUserByName(java.lang.String) 
2018-07-02 09:50:39.601  INFO [main] org.springframework.web.servlet.mvc.method.annotation.RequestMappingHandlerMapping - Mapped "{[/zj/age/{age}],methods=[GET]}" onto public java.util.List<com.test.demo.model.ZJModels> com.test.demo.controller.ZJController.getZJUserByAge(int) 
2018-07-02 09:50:39.602  INFO [main] org.springframework.web.servlet.mvc.method.annotation.RequestMappingHandlerMapping - Mapped "{[/zj/updateById1/{id}],methods=[POST]}" onto public com.test.demo.model.ZJModels com.test.demo.controller.ZJController.updateZJUserById(java.lang.String,int,java.lang.String,int) 
2018-07-02 09:50:39.604  INFO [main] org.springframework.web.servlet.mvc.method.annotation.RequestMappingHandlerMapping - Mapped "{[/error]}" onto public org.springframework.http.ResponseEntity<java.util.Map<java.lang.String, java.lang.Object>> org.springframework.boot.autoconfigure.web.servlet.error.BasicErrorController.error(javax.servlet.http.HttpServletRequest) 
2018-07-02 09:50:39.605  INFO [main] org.springframework.web.servlet.mvc.method.annotation.RequestMappingHandlerMapping - Mapped "{[/error],produces=[text/html]}" onto public org.springframework.web.servlet.ModelAndView org.springframework.boot.autoconfigure.web.servlet.error.BasicErrorController.errorHtml(javax.servlet.http.HttpServletRequest,javax.servlet.http.HttpServletResponse) 
2018-07-02 09:50:39.660  INFO [main] org.springframework.web.servlet.handler.SimpleUrlHandlerMapping - Mapped URL path [/webjars/**] onto handler of type [class org.springframework.web.servlet.resource.ResourceHttpRequestHandler] 
2018-07-02 09:50:39.661  INFO [main] org.springframework.web.servlet.handler.SimpleUrlHandlerMapping - Mapped URL path [/**] onto handler of type [class org.springframework.web.servlet.resource.ResourceHttpRequestHandler] 
2018-07-02 09:50:39.749  WARN [main] org.springframework.boot.autoconfigure.thymeleaf.ThymeleafAutoConfiguration$DefaultTemplateResolverConfiguration - Cannot find template location: classpath:/templates/ (please add some templates or check your Thymeleaf configuration) 
2018-07-02 09:50:40.873  INFO [main] org.springframework.scheduling.annotation.ScheduledAnnotationBeanPostProcessor - No TaskScheduler/ScheduledExecutorService bean found for scheduled processing 
2018-07-02 09:50:40.884  INFO [main] com.test.demo.service.impl.DbToExcelImplTest - Started DbToExcelImplTest in 5.12 seconds (JVM running for 6.836) 
2018-07-02 09:50:41.041 DEBUG [main] com.test.demo.dao.impl.JDBC.ZJDaoMapper.selectAll - ==>  Preparing: select * from sqltest.zjtest  
2018-07-02 09:50:41.070 DEBUG [main] com.test.demo.dao.impl.JDBC.ZJDaoMapper.selectAll - ==> Parameters:  
2018-07-02 09:50:41.090 DEBUG [main] com.test.demo.dao.impl.JDBC.ZJDaoMapper.selectAll - <==      Total: 11 
2018-07-02 09:50:41.270  INFO [Thread-2] org.springframework.web.context.support.GenericWebApplicationContext - Closing org.springframework.web.context.support.GenericWebApplicationContext@17c4869: startup date [Mon Jul 02 09:50:36 CST 2018]; root of context hierarchy 
2018-07-02 09:50:41.291  INFO [Thread-2] com.zaxxer.hikari.HikariDataSource - test1-table - Shutdown initiated... 
2018-07-02 09:50:41.295  INFO [Thread-2] com.zaxxer.hikari.HikariDataSource - test1-table - Shutdown completed. 
